[0.494s] Invoking command in '/home/giovi/ros2_ws/src/my_robot_controller': CONDA_PROMPT_MODIFIER=(base) PYTHONPATH=/home/giovi/ros2_ws/src/build/my_robot_controller/prefix_override:/usr/lib/python3/dist-packages/colcon_core/task/python/colcon_distutils_commands:/home/giovi/ros2_ws/src/install/my_robot_controller/lib/python3.10/site-packages:${PYTHONPATH} /usr/bin/python3 -W ignore:setup.py install is deprecated -W ignore:easy_install command is deprecated setup.py egg_info --egg-base ../build/my_robot_controller build --build-base /home/giovi/ros2_ws/src/build/my_robot_controller/build install --record /home/giovi/ros2_ws/src/build/my_robot_controller/install.log --single-version-externally-managed install_data
[0.648s] running egg_info
[0.648s] creating ../build/my_robot_controller/my_robot_controller.egg-info
[0.648s] writing ../build/my_robot_controller/my_robot_controller.egg-info/PKG-INFO
[0.648s] writing dependency_links to ../build/my_robot_controller/my_robot_controller.egg-info/dependency_links.txt
[0.648s] writing entry points to ../build/my_robot_controller/my_robot_controller.egg-info/entry_points.txt
[0.648s] writing requirements to ../build/my_robot_controller/my_robot_controller.egg-info/requires.txt
[0.649s] writing top-level names to ../build/my_robot_controller/my_robot_controller.egg-info/top_level.txt
[0.649s] writing manifest file '../build/my_robot_controller/my_robot_controller.egg-info/SOURCES.txt'
[0.649s] reading manifest file '../build/my_robot_controller/my_robot_controller.egg-info/SOURCES.txt'
[0.650s] writing manifest file '../build/my_robot_controller/my_robot_controller.egg-info/SOURCES.txt'
[0.650s] running build
[0.650s] running build_py
[0.650s] creating /home/giovi/ros2_ws/src/build/my_robot_controller/build
[0.650s] creating /home/giovi/ros2_ws/src/build/my_robot_controller/build/lib
[0.650s] creating /home/giovi/ros2_ws/src/build/my_robot_controller/build/lib/my_robot_controller
[0.650s] copying my_robot_controller/__init__.py -> /home/giovi/ros2_ws/src/build/my_robot_controller/build/lib/my_robot_controller
[0.650s] running install
[0.650s] running install_lib
[0.651s] creating /home/giovi/ros2_ws/src/install/my_robot_controller/lib/python3.10/site-packages/my_robot_controller
[0.651s] copying /home/giovi/ros2_ws/src/build/my_robot_controller/build/lib/my_robot_controller/__init__.py -> /home/giovi/ros2_ws/src/install/my_robot_controller/lib/python3.10/site-packages/my_robot_controller
[0.651s] byte-compiling /home/giovi/ros2_ws/src/install/my_robot_controller/lib/python3.10/site-packages/my_robot_controller/__init__.py to __init__.cpython-310.pyc
[0.651s] running install_data
[0.651s] creating /home/giovi/ros2_ws/src/install/my_robot_controller/share/ament_index
[0.651s] creating /home/giovi/ros2_ws/src/install/my_robot_controller/share/ament_index/resource_index
[0.651s] creating /home/giovi/ros2_ws/src/install/my_robot_controller/share/ament_index/resource_index/packages
[0.651s] copying resource/my_robot_controller -> /home/giovi/ros2_ws/src/install/my_robot_controller/share/ament_index/resource_index/packages
[0.651s] copying package.xml -> /home/giovi/ros2_ws/src/install/my_robot_controller/share/my_robot_controller
[0.651s] running install_egg_info
[0.652s] Copying ../build/my_robot_controller/my_robot_controller.egg-info to /home/giovi/ros2_ws/src/install/my_robot_controller/lib/python3.10/site-packages/my_robot_controller-0.0.0-py3.10.egg-info
[0.653s] running install_scripts
[0.666s] writing list of installed files to '/home/giovi/ros2_ws/src/build/my_robot_controller/install.log'
[0.681s] Invoked command in '/home/giovi/ros2_ws/src/my_robot_controller' returned '0': CONDA_PROMPT_MODIFIER=(base) PYTHONPATH=/home/giovi/ros2_ws/src/build/my_robot_controller/prefix_override:/usr/lib/python3/dist-packages/colcon_core/task/python/colcon_distutils_commands:/home/giovi/ros2_ws/src/install/my_robot_controller/lib/python3.10/site-packages:${PYTHONPATH} /usr/bin/python3 -W ignore:setup.py install is deprecated -W ignore:easy_install command is deprecated setup.py egg_info --egg-base ../build/my_robot_controller build --build-base /home/giovi/ros2_ws/src/build/my_robot_controller/build install --record /home/giovi/ros2_ws/src/build/my_robot_controller/install.log --single-version-externally-managed install_data
