[0.412s] Invoking command in '/home/giovi/ros2_ws/src/dd0': CONDA_PROMPT_MODIFIER=(base) PYTHONPATH=/home/giovi/ros2_ws/src/build/dd0/prefix_override:/usr/lib/python3/dist-packages/colcon_core/task/python/colcon_distutils_commands:/home/giovi/ros2_ws/src/install/dd0/lib/python3.10/site-packages:${PYTHONPATH} /usr/bin/python3 -W ignore:setup.py install is deprecated -W ignore:easy_install command is deprecated setup.py egg_info --egg-base ../build/dd0 build --build-base /home/giovi/ros2_ws/src/build/dd0/build install --record /home/giovi/ros2_ws/src/build/dd0/install.log --single-version-externally-managed install_data
[0.587s] running egg_info
[0.587s] creating ../build/dd0/dd0.egg-info
[0.587s] writing ../build/dd0/dd0.egg-info/PKG-INFO
[0.587s] writing dependency_links to ../build/dd0/dd0.egg-info/dependency_links.txt
[0.587s] writing entry points to ../build/dd0/dd0.egg-info/entry_points.txt
[0.587s] writing requirements to ../build/dd0/dd0.egg-info/requires.txt
[0.587s] writing top-level names to ../build/dd0/dd0.egg-info/top_level.txt
[0.587s] writing manifest file '../build/dd0/dd0.egg-info/SOURCES.txt'
[0.588s] reading manifest file '../build/dd0/dd0.egg-info/SOURCES.txt'
[0.589s] writing manifest file '../build/dd0/dd0.egg-info/SOURCES.txt'
[0.589s] running build
[0.589s] running build_py
[0.589s] creating /home/giovi/ros2_ws/src/build/dd0/build
[0.589s] creating /home/giovi/ros2_ws/src/build/dd0/build/lib
[0.589s] creating /home/giovi/ros2_ws/src/build/dd0/build/lib/dd0
[0.589s] copying dd0/__init__.py -> /home/giovi/ros2_ws/src/build/dd0/build/lib/dd0
[0.589s] running install
[0.590s] running install_lib
[0.590s] creating /home/giovi/ros2_ws/src/install/dd0/lib/python3.10/site-packages/dd0
[0.590s] copying /home/giovi/ros2_ws/src/build/dd0/build/lib/dd0/__init__.py -> /home/giovi/ros2_ws/src/install/dd0/lib/python3.10/site-packages/dd0
[0.591s] byte-compiling /home/giovi/ros2_ws/src/install/dd0/lib/python3.10/site-packages/dd0/__init__.py to __init__.cpython-310.pyc
[0.591s] running install_data
[0.591s] creating /home/giovi/ros2_ws/src/install/dd0/share/ament_index
[0.591s] creating /home/giovi/ros2_ws/src/install/dd0/share/ament_index/resource_index
[0.591s] creating /home/giovi/ros2_ws/src/install/dd0/share/ament_index/resource_index/packages
[0.591s] copying resource/dd0 -> /home/giovi/ros2_ws/src/install/dd0/share/ament_index/resource_index/packages
[0.591s] copying package.xml -> /home/giovi/ros2_ws/src/install/dd0/share/dd0
[0.591s] running install_egg_info
[0.592s] Copying ../build/dd0/dd0.egg-info to /home/giovi/ros2_ws/src/install/dd0/lib/python3.10/site-packages/dd0-0.0.0-py3.10.egg-info
[0.593s] running install_scripts
[0.607s] writing list of installed files to '/home/giovi/ros2_ws/src/build/dd0/install.log'
[0.623s] Invoked command in '/home/giovi/ros2_ws/src/dd0' returned '0': CONDA_PROMPT_MODIFIER=(base) PYTHONPATH=/home/giovi/ros2_ws/src/build/dd0/prefix_override:/usr/lib/python3/dist-packages/colcon_core/task/python/colcon_distutils_commands:/home/giovi/ros2_ws/src/install/dd0/lib/python3.10/site-packages:${PYTHONPATH} /usr/bin/python3 -W ignore:setup.py install is deprecated -W ignore:easy_install command is deprecated setup.py egg_info --egg-base ../build/dd0 build --build-base /home/giovi/ros2_ws/src/build/dd0/build install --record /home/giovi/ros2_ws/src/build/dd0/install.log --single-version-externally-managed install_data
